winston:create-logger: Define prototype method for "error"
winston:create-logger: Define prototype method for "warn"
winston:create-logger: Define prototype method for "info"
winston:create-logger: Define prototype method for "http"
winston:create-logger: Define prototype method for "verbose"
winston:create-logger: Define prototype method for "debug"
winston:create-logger: Define prototype method for "silly"
winston:create-logger: Define prototype method for "error"
winston:create-logger: Define prototype method for "warn"
winston:create-logger: Define prototype method for "info"
winston:create-logger: Define prototype method for "http"
winston:create-logger: Define prototype method for "debug"
2025-09-01T18:09:51.097Z sequelize:pool pool created with max/min: 5/0, no replication
2025-09-01T18:09:51.390Z sequelize:hooks adding hook beforeUpdate
Mon, 01 Sep 2025 18:09:51 GMT express:router:route new '/login'
Mon, 01 Sep 2025 18:09:51 GMT express:router:layer new '/login'
Mon, 01 Sep 2025 18:09:51 GMT express:router:route post '/login'
Mon, 01 Sep 2025 18:09:51 GMT express:router:layer new '/'
Mon, 01 Sep 2025 18:09:51 GMT express:router:route post '/login'
Mon, 01 Sep 2025 18:09:51 GMT express:router:layer new '/'
Mon, 01 Sep 2025 18:09:51 GMT express:router:route post '/login'
Mon, 01 Sep 2025 18:09:51 GMT express:router:layer new '/'
Mon, 01 Sep 2025 18:09:51 GMT express:router:route new '/register'
Mon, 01 Sep 2025 18:09:51 GMT express:router:layer new '/register'
Mon, 01 Sep 2025 18:09:51 GMT express:router:route post '/register'
Mon, 01 Sep 2025 18:09:51 GMT express:router:layer new '/'
Mon, 01 Sep 2025 18:09:51 GMT express:router:route post '/register'
Mon, 01 Sep 2025 18:09:51 GMT express:router:layer new '/'
Mon, 01 Sep 2025 18:09:51 GMT express:router:route post '/register'
Mon, 01 Sep 2025 18:09:51 GMT express:router:layer new '/'
Mon, 01 Sep 2025 18:09:51 GMT express:router:route post '/register'
Mon, 01 Sep 2025 18:09:51 GMT express:router:layer new '/'
Mon, 01 Sep 2025 18:09:51 GMT express:router:route post '/register'
Mon, 01 Sep 2025 18:09:51 GMT express:router:layer new '/'
Mon, 01 Sep 2025 18:09:51 GMT express:router:route post '/register'
Mon, 01 Sep 2025 18:09:51 GMT express:router:layer new '/'
Mon, 01 Sep 2025 18:09:51 GMT express:router:route post '/register'
Mon, 01 Sep 2025 18:09:51 GMT express:router:layer new '/'
Mon, 01 Sep 2025 18:09:51 GMT express:router:route post '/register'
Mon, 01 Sep 2025 18:09:51 GMT express:router:layer new '/'
Mon, 01 Sep 2025 18:09:51 GMT express:router:route new '/me'
Mon, 01 Sep 2025 18:09:51 GMT express:router:layer new '/me'
Mon, 01 Sep 2025 18:09:51 GMT express:router:route get '/me'
Mon, 01 Sep 2025 18:09:51 GMT express:router:layer new '/'
Mon, 01 Sep 2025 18:09:51 GMT express:router:route get '/me'
Mon, 01 Sep 2025 18:09:51 GMT express:router:layer new '/'
Mon, 01 Sep 2025 18:09:51 GMT express:router:route new '/refresh'
Mon, 01 Sep 2025 18:09:51 GMT express:router:layer new '/refresh'
Mon, 01 Sep 2025 18:09:51 GMT express:router:route post '/refresh'
Mon, 01 Sep 2025 18:09:51 GMT express:router:layer new '/'
Mon, 01 Sep 2025 18:09:51 GMT express:router:route post '/refresh'
Mon, 01 Sep 2025 18:09:51 GMT express:router:layer new '/'
Mon, 01 Sep 2025 18:09:51 GMT express:router:route new '/logout'
Mon, 01 Sep 2025 18:09:51 GMT express:router:layer new '/logout'
Mon, 01 Sep 2025 18:09:51 GMT express:router:route post '/logout'
Mon, 01 Sep 2025 18:09:51 GMT express:router:layer new '/'
Mon, 01 Sep 2025 18:09:51 GMT express:router:route post '/logout'
Mon, 01 Sep 2025 18:09:51 GMT express:router:layer new '/'
Mon, 01 Sep 2025 18:09:51 GMT express:router:route new '/license-status'
Mon, 01 Sep 2025 18:09:51 GMT express:router:layer new '/license-status'
Mon, 01 Sep 2025 18:09:51 GMT express:router:route get '/license-status'
Mon, 01 Sep 2025 18:09:51 GMT express:router:layer new '/'
Mon, 01 Sep 2025 18:09:51 GMT express:router:route get '/license-status'
Mon, 01 Sep 2025 18:09:51 GMT express:router:layer new '/'
Mon, 01 Sep 2025 18:09:51 GMT express:router:route get '/license-status'
Mon, 01 Sep 2025 18:09:51 GMT express:router:layer new '/'
Mon, 01 Sep 2025 18:09:51 GMT express:router use '/' authenticate
Mon, 01 Sep 2025 18:09:51 GMT express:router:layer new '/'
Mon, 01 Sep 2025 18:09:51 GMT express:router:route new '/'
Mon, 01 Sep 2025 18:09:51 GMT express:router:layer new '/'
Mon, 01 Sep 2025 18:09:51 GMT express:router:route get '/'
Mon, 01 Sep 2025 18:09:51 GMT express:router:layer new '/'
Mon, 01 Sep 2025 18:09:51 GMT express:router:route get '/'
Mon, 01 Sep 2025 18:09:51 GMT express:router:layer new '/'
Mon, 01 Sep 2025 18:09:51 GMT express:router:route new '/:id/roles'
Mon, 01 Sep 2025 18:09:51 GMT express:router:layer new '/:id/roles'
Mon, 01 Sep 2025 18:09:51 GMT express:router:route put '/:id/roles'
Mon, 01 Sep 2025 18:09:51 GMT express:router:layer new '/'
Mon, 01 Sep 2025 18:09:51 GMT express:router:route put '/:id/roles'
Mon, 01 Sep 2025 18:09:51 GMT express:router:layer new '/'
Mon, 01 Sep 2025 18:09:51 GMT express:router:route put '/:id/roles'
Mon, 01 Sep 2025 18:09:51 GMT express:router:layer new '/'
Mon, 01 Sep 2025 18:09:51 GMT express:router:route put '/:id/roles'
Mon, 01 Sep 2025 18:09:51 GMT express:router:layer new '/'
2025-09-01T18:09:51.440Z sequelize:hooks adding hook beforeUpdate
Mon, 01 Sep 2025 18:09:51 GMT express:router use '/' authenticate
Mon, 01 Sep 2025 18:09:51 GMT express:router:layer new '/'
Mon, 01 Sep 2025 18:09:51 GMT express:router:route new '/'
Mon, 01 Sep 2025 18:09:51 GMT express:router:layer new '/'
Mon, 01 Sep 2025 18:09:51 GMT express:router:route get '/'
Mon, 01 Sep 2025 18:09:51 GMT express:router:layer new '/'
Mon, 01 Sep 2025 18:09:51 GMT express:router:route new '/'
Mon, 01 Sep 2025 18:09:51 GMT express:router:layer new '/'
Mon, 01 Sep 2025 18:09:51 GMT express:router:route post '/'
Mon, 01 Sep 2025 18:09:51 GMT express:router:layer new '/'
Mon, 01 Sep 2025 18:09:51 GMT express:router:route post '/'
Mon, 01 Sep 2025 18:09:51 GMT express:router:layer new '/'
Mon, 01 Sep 2025 18:09:51 GMT express:router:route post '/'
Mon, 01 Sep 2025 18:09:51 GMT express:router:layer new '/'
Mon, 01 Sep 2025 18:09:51 GMT express:router:route post '/'
Mon, 01 Sep 2025 18:09:51 GMT express:router:layer new '/'
Mon, 01 Sep 2025 18:09:51 GMT express:router:route post '/'
Mon, 01 Sep 2025 18:09:51 GMT express:router:layer new '/'
Mon, 01 Sep 2025 18:09:51 GMT express:router:route post '/'
Mon, 01 Sep 2025 18:09:51 GMT express:router:layer new '/'
Mon, 01 Sep 2025 18:09:51 GMT express:router:route post '/'
Mon, 01 Sep 2025 18:09:51 GMT express:router:layer new '/'
Mon, 01 Sep 2025 18:09:51 GMT express:router:route post '/'
Mon, 01 Sep 2025 18:09:51 GMT express:router:layer new '/'
Mon, 01 Sep 2025 18:09:51 GMT express:router:route post '/'
Mon, 01 Sep 2025 18:09:51 GMT express:router:layer new '/'
Mon, 01 Sep 2025 18:09:51 GMT express:router:route new '/queue/:queueId?'
Mon, 01 Sep 2025 18:09:51 GMT express:router:layer new '/queue/:queueId?'
Mon, 01 Sep 2025 18:09:51 GMT express:router:route get '/queue/:queueId?'
Mon, 01 Sep 2025 18:09:51 GMT express:router:layer new '/'
Mon, 01 Sep 2025 18:09:51 GMT express:router:route new '/aging/summary'
Mon, 01 Sep 2025 18:09:51 GMT express:router:layer new '/aging/summary'
Mon, 01 Sep 2025 18:09:51 GMT express:router:route get '/aging/summary'
Mon, 01 Sep 2025 18:09:51 GMT express:router:layer new '/'
Mon, 01 Sep 2025 18:09:51 GMT express:router:route new '/:id'
Mon, 01 Sep 2025 18:09:51 GMT express:router:layer new '/:id'
Mon, 01 Sep 2025 18:09:51 GMT express:router:route get '/:id'
Mon, 01 Sep 2025 18:09:51 GMT express:router:layer new '/'
Mon, 01 Sep 2025 18:09:51 GMT express:router:route get '/:id'
Mon, 01 Sep 2025 18:09:51 GMT express:router:layer new '/'
Mon, 01 Sep 2025 18:09:51 GMT express:router:route new '/:id/status'
Mon, 01 Sep 2025 18:09:51 GMT express:router:layer new '/:id/status'
Mon, 01 Sep 2025 18:09:51 GMT express:router:route put '/:id/status'
Mon, 01 Sep 2025 18:09:51 GMT express:router:layer new '/'
Mon, 01 Sep 2025 18:09:51 GMT express:router:route put '/:id/status'
Mon, 01 Sep 2025 18:09:51 GMT express:router:layer new '/'
Mon, 01 Sep 2025 18:09:51 GMT express:router:route put '/:id/status'
Mon, 01 Sep 2025 18:09:51 GMT express:router:layer new '/'
Mon, 01 Sep 2025 18:09:51 GMT express:router:route put '/:id/status'
Mon, 01 Sep 2025 18:09:51 GMT express:router:layer new '/'
Mon, 01 Sep 2025 18:09:51 GMT express:router:route new '/:id/assign'
Mon, 01 Sep 2025 18:09:51 GMT express:router:layer new '/:id/assign'
Mon, 01 Sep 2025 18:09:51 GMT express:router:route put '/:id/assign'
Mon, 01 Sep 2025 18:09:51 GMT express:router:layer new '/'
Mon, 01 Sep 2025 18:09:51 GMT express:router:route put '/:id/assign'
Mon, 01 Sep 2025 18:09:51 GMT express:router:layer new '/'
Mon, 01 Sep 2025 18:09:51 GMT express:router:route put '/:id/assign'
Mon, 01 Sep 2025 18:09:51 GMT express:router:layer new '/'
Mon, 01 Sep 2025 18:09:51 GMT express:router:route put '/:id/assign'
Mon, 01 Sep 2025 18:09:51 GMT express:router:layer new '/'
Mon, 01 Sep 2025 18:09:51 GMT express:router:route put '/:id/assign'
Mon, 01 Sep 2025 18:09:51 GMT express:router:layer new '/'
Mon, 01 Sep 2025 18:09:51 GMT express:router:route new '/:id/pick'
Mon, 01 Sep 2025 18:09:51 GMT express:router:layer new '/:id/pick'
Mon, 01 Sep 2025 18:09:51 GMT express:router:route put '/:id/pick'
Mon, 01 Sep 2025 18:09:51 GMT express:router:layer new '/'
Mon, 01 Sep 2025 18:09:51 GMT express:router:route put '/:id/pick'
Mon, 01 Sep 2025 18:09:51 GMT express:router:layer new '/'
Mon, 01 Sep 2025 18:09:51 GMT express:router:route new '/:id/reject'
Mon, 01 Sep 2025 18:09:51 GMT express:router:layer new '/:id/reject'
Mon, 01 Sep 2025 18:09:51 GMT express:router:route put '/:id/reject'
Mon, 01 Sep 2025 18:09:51 GMT express:router:layer new '/'
Mon, 01 Sep 2025 18:09:51 GMT express:router:route put '/:id/reject'
Mon, 01 Sep 2025 18:09:51 GMT express:router:layer new '/'
Mon, 01 Sep 2025 18:09:51 GMT express:router:route put '/:id/reject'
Mon, 01 Sep 2025 18:09:51 GMT express:router:layer new '/'
Mon, 01 Sep 2025 18:09:51 GMT express:router:route new '/:id/close'
Mon, 01 Sep 2025 18:09:51 GMT express:router:layer new '/:id/close'
Mon, 01 Sep 2025 18:09:51 GMT express:router:route put '/:id/close'
Mon, 01 Sep 2025 18:09:51 GMT express:router:layer new '/'
Mon, 01 Sep 2025 18:09:51 GMT express:router:route put '/:id/close'
Mon, 01 Sep 2025 18:09:51 GMT express:router:layer new '/'
Mon, 01 Sep 2025 18:09:51 GMT express:router:route put '/:id/close'
Mon, 01 Sep 2025 18:09:51 GMT express:router:layer new '/'
Mon, 01 Sep 2025 18:09:51 GMT express:router:route put '/:id/close'
Mon, 01 Sep 2025 18:09:51 GMT express:router:layer new '/'
Mon, 01 Sep 2025 18:09:51 GMT express:router:route put '/:id/close'
Mon, 01 Sep 2025 18:09:51 GMT express:router:layer new '/'
Mon, 01 Sep 2025 18:09:51 GMT express:router:route new '/:id/notes'
Mon, 01 Sep 2025 18:09:51 GMT express:router:layer new '/:id/notes'
Mon, 01 Sep 2025 18:09:51 GMT express:router:route post '/:id/notes'
Mon, 01 Sep 2025 18:09:51 GMT express:router:layer new '/'
Mon, 01 Sep 2025 18:09:51 GMT express:router:route post '/:id/notes'
Mon, 01 Sep 2025 18:09:51 GMT express:router:layer new '/'
Mon, 01 Sep 2025 18:09:51 GMT express:router:route post '/:id/notes'
Mon, 01 Sep 2025 18:09:51 GMT express:router:layer new '/'
Mon, 01 Sep 2025 18:09:51 GMT express:router:route post '/:id/notes'
Mon, 01 Sep 2025 18:09:51 GMT express:router:layer new '/'
Mon, 01 Sep 2025 18:09:51 GMT express:router:route post '/:id/notes'
Mon, 01 Sep 2025 18:09:51 GMT express:router:layer new '/'
Mon, 01 Sep 2025 18:09:51 GMT express:router:route post '/:id/notes'
Mon, 01 Sep 2025 18:09:51 GMT express:router:layer new '/'
Mon, 01 Sep 2025 18:09:51 GMT express:router:route new '/:id/notes'
Mon, 01 Sep 2025 18:09:51 GMT express:router:layer new '/:id/notes'
Mon, 01 Sep 2025 18:09:51 GMT express:router:route get '/:id/notes'
Mon, 01 Sep 2025 18:09:51 GMT express:router:layer new '/'
Mon, 01 Sep 2025 18:09:51 GMT express:router:route get '/:id/notes'
Mon, 01 Sep 2025 18:09:51 GMT express:router:layer new '/'
Mon, 01 Sep 2025 18:09:51 GMT express:router:route new '/:id/history'
Mon, 01 Sep 2025 18:09:51 GMT express:router:layer new '/:id/history'
Mon, 01 Sep 2025 18:09:51 GMT express:router:route get '/:id/history'
Mon, 01 Sep 2025 18:09:51 GMT express:router:layer new '/'
Mon, 01 Sep 2025 18:09:51 GMT express:router:route get '/:id/history'
Mon, 01 Sep 2025 18:09:51 GMT express:router:layer new '/'
Mon, 01 Sep 2025 18:09:51 GMT express:router:route new '/:id/workflow'
Mon, 01 Sep 2025 18:09:51 GMT express:router:layer new '/:id/workflow'
Mon, 01 Sep 2025 18:09:51 GMT express:router:route get '/:id/workflow'
Mon, 01 Sep 2025 18:09:51 GMT express:router:layer new '/'
Mon, 01 Sep 2025 18:09:51 GMT express:router:route get '/:id/workflow'
Mon, 01 Sep 2025 18:09:51 GMT express:router:layer new '/'
Mon, 01 Sep 2025 18:09:51 GMT express:router use '/' authenticate
Mon, 01 Sep 2025 18:09:51 GMT express:router:layer new '/'
Mon, 01 Sep 2025 18:09:51 GMT express:router:route new '/'
Mon, 01 Sep 2025 18:09:51 GMT express:router:layer new '/'
Mon, 01 Sep 2025 18:09:51 GMT express:router:route get '/'
Mon, 01 Sep 2025 18:09:51 GMT express:router:layer new '/'
Mon, 01 Sep 2025 18:09:51 GMT express:router:route new '/'
Mon, 01 Sep 2025 18:09:51 GMT express:router:layer new '/'
Mon, 01 Sep 2025 18:09:51 GMT express:router:route post '/'
Mon, 01 Sep 2025 18:09:51 GMT express:router:layer new '/'
Mon, 01 Sep 2025 18:09:51 GMT express:router:route post '/'
Mon, 01 Sep 2025 18:09:51 GMT express:router:layer new '/'
Mon, 01 Sep 2025 18:09:51 GMT express:router:route post '/'
Mon, 01 Sep 2025 18:09:51 GMT express:router:layer new '/'
Mon, 01 Sep 2025 18:09:51 GMT express:router:route post '/'
Mon, 01 Sep 2025 18:09:51 GMT express:router:layer new '/'
Mon, 01 Sep 2025 18:09:51 GMT express:router:route post '/'
Mon, 01 Sep 2025 18:09:51 GMT express:router:layer new '/'
Mon, 01 Sep 2025 18:09:51 GMT express:router:route post '/'
Mon, 01 Sep 2025 18:09:51 GMT express:router:layer new '/'
Mon, 01 Sep 2025 18:09:51 GMT express:router:route post '/'
Mon, 01 Sep 2025 18:09:51 GMT express:router:layer new '/'
Mon, 01 Sep 2025 18:09:51 GMT express:router:route post '/'
Mon, 01 Sep 2025 18:09:51 GMT express:router:layer new '/'
Mon, 01 Sep 2025 18:09:51 GMT express:router:route new '/:id'
Mon, 01 Sep 2025 18:09:51 GMT express:router:layer new '/:id'
Mon, 01 Sep 2025 18:09:51 GMT express:router:route put '/:id'
Mon, 01 Sep 2025 18:09:51 GMT express:router:layer new '/'
Mon, 01 Sep 2025 18:09:51 GMT express:router:route put '/:id'
Mon, 01 Sep 2025 18:09:51 GMT express:router:layer new '/'
Mon, 01 Sep 2025 18:09:51 GMT express:router:route put '/:id'
Mon, 01 Sep 2025 18:09:51 GMT express:router:layer new '/'
Mon, 01 Sep 2025 18:09:51 GMT express:router:route put '/:id'
Mon, 01 Sep 2025 18:09:51 GMT express:router:layer new '/'
Mon, 01 Sep 2025 18:09:51 GMT express:router:route put '/:id'
Mon, 01 Sep 2025 18:09:51 GMT express:router:layer new '/'
Mon, 01 Sep 2025 18:09:51 GMT express:router:route put '/:id'
Mon, 01 Sep 2025 18:09:51 GMT express:router:layer new '/'
Mon, 01 Sep 2025 18:09:51 GMT express:router:route put '/:id'
Mon, 01 Sep 2025 18:09:51 GMT express:router:layer new '/'
Mon, 01 Sep 2025 18:09:51 GMT express:router:route put '/:id'
Mon, 01 Sep 2025 18:09:51 GMT express:router:layer new '/'
2025-09-01T18:09:51.508Z sequelize:hooks adding hook beforeSave
Mon, 01 Sep 2025 18:09:51 GMT express:router use '/' authenticate
Mon, 01 Sep 2025 18:09:51 GMT express:router:layer new '/'
Mon, 01 Sep 2025 18:09:51 GMT express:router:route new '/'
Mon, 01 Sep 2025 18:09:51 GMT express:router:layer new '/'
Mon, 01 Sep 2025 18:09:51 GMT express:router:route post '/'
Mon, 01 Sep 2025 18:09:51 GMT express:router:layer new '/'
Mon, 01 Sep 2025 18:09:51 GMT express:router:route post '/'
Mon, 01 Sep 2025 18:09:51 GMT express:router:layer new '/'
Mon, 01 Sep 2025 18:09:51 GMT express:router:route post '/'
Mon, 01 Sep 2025 18:09:51 GMT express:router:layer new '/'
Mon, 01 Sep 2025 18:09:51 GMT express:router:route post '/'
Mon, 01 Sep 2025 18:09:51 GMT express:router:layer new '/'
Mon, 01 Sep 2025 18:09:51 GMT express:router:route post '/'
Mon, 01 Sep 2025 18:09:51 GMT express:router:layer new '/'
Mon, 01 Sep 2025 18:09:51 GMT express:router:route post '/'
Mon, 01 Sep 2025 18:09:51 GMT express:router:layer new '/'
Mon, 01 Sep 2025 18:09:51 GMT express:router:route post '/'
Mon, 01 Sep 2025 18:09:51 GMT express:router:layer new '/'
Mon, 01 Sep 2025 18:09:51 GMT express:router:route post '/'
Mon, 01 Sep 2025 18:09:51 GMT express:router:layer new '/'
Mon, 01 Sep 2025 18:09:51 GMT express:router:route post '/'
Mon, 01 Sep 2025 18:09:51 GMT express:router:layer new '/'
Mon, 01 Sep 2025 18:09:51 GMT express:router:route post '/'
Mon, 01 Sep 2025 18:09:51 GMT express:router:layer new '/'
Mon, 01 Sep 2025 18:09:51 GMT express:router:route post '/'
Mon, 01 Sep 2025 18:09:51 GMT express:router:layer new '/'
Mon, 01 Sep 2025 18:09:51 GMT express:router:route post '/'
Mon, 01 Sep 2025 18:09:51 GMT express:router:layer new '/'
Mon, 01 Sep 2025 18:09:51 GMT express:router:route new '/'
Mon, 01 Sep 2025 18:09:51 GMT express:router:layer new '/'
Mon, 01 Sep 2025 18:09:51 GMT express:router:route get '/'
Mon, 01 Sep 2025 18:09:51 GMT express:router:layer new '/'
Mon, 01 Sep 2025 18:09:51 GMT express:router:route new '/stats'
Mon, 01 Sep 2025 18:09:51 GMT express:router:layer new '/stats'
Mon, 01 Sep 2025 18:09:51 GMT express:router:route get '/stats'
Mon, 01 Sep 2025 18:09:51 GMT express:router:layer new '/'
Mon, 01 Sep 2025 18:09:51 GMT express:router:route get '/stats'
Mon, 01 Sep 2025 18:09:51 GMT express:router:layer new '/'
Mon, 01 Sep 2025 18:09:51 GMT express:router:route new '/warranty-expiring'
Mon, 01 Sep 2025 18:09:51 GMT express:router:layer new '/warranty-expiring'
Mon, 01 Sep 2025 18:09:51 GMT express:router:route get '/warranty-expiring'
Mon, 01 Sep 2025 18:09:51 GMT express:router:layer new '/'
Mon, 01 Sep 2025 18:09:51 GMT express:router:route get '/warranty-expiring'
Mon, 01 Sep 2025 18:09:51 GMT express:router:layer new '/'
Mon, 01 Sep 2025 18:09:51 GMT express:router:route new '/warranty/:serial_number'
Mon, 01 Sep 2025 18:09:51 GMT express:router:layer new '/warranty/:serial_number'
Mon, 01 Sep 2025 18:09:51 GMT express:router:route get '/warranty/:serial_number'
Mon, 01 Sep 2025 18:09:51 GMT express:router:layer new '/'
Mon, 01 Sep 2025 18:09:51 GMT express:router:route get '/warranty/:serial_number'
Mon, 01 Sep 2025 18:09:51 GMT express:router:layer new '/'
Mon, 01 Sep 2025 18:09:51 GMT express:router:route new '/:id'
Mon, 01 Sep 2025 18:09:51 GMT express:router:layer new '/:id'
Mon, 01 Sep 2025 18:09:51 GMT express:router:route get '/:id'
Mon, 01 Sep 2025 18:09:51 GMT express:router:layer new '/'
Mon, 01 Sep 2025 18:09:51 GMT express:router:route get '/:id'
Mon, 01 Sep 2025 18:09:51 GMT express:router:layer new '/'
Mon, 01 Sep 2025 18:09:51 GMT express:router:route new '/:id'
Mon, 01 Sep 2025 18:09:51 GMT express:router:layer new '/:id'
Mon, 01 Sep 2025 18:09:51 GMT express:router:route put '/:id'
Mon, 01 Sep 2025 18:09:51 GMT express:router:layer new '/'
Mon, 01 Sep 2025 18:09:51 GMT express:router:route put '/:id'
Mon, 01 Sep 2025 18:09:51 GMT express:router:layer new '/'
Mon, 01 Sep 2025 18:09:51 GMT express:router:route put '/:id'
Mon, 01 Sep 2025 18:09:51 GMT express:router:layer new '/'
Mon, 01 Sep 2025 18:09:51 GMT express:router:route put '/:id'
Mon, 01 Sep 2025 18:09:51 GMT express:router:layer new '/'
Mon, 01 Sep 2025 18:09:51 GMT express:router:route put '/:id'
Mon, 01 Sep 2025 18:09:51 GMT express:router:layer new '/'
Mon, 01 Sep 2025 18:09:51 GMT express:router:route put '/:id'
Mon, 01 Sep 2025 18:09:51 GMT express:router:layer new '/'
Mon, 01 Sep 2025 18:09:51 GMT express:router:route put '/:id'
Mon, 01 Sep 2025 18:09:51 GMT express:router:layer new '/'
Mon, 01 Sep 2025 18:09:51 GMT express:router:route put '/:id'
Mon, 01 Sep 2025 18:09:51 GMT express:router:layer new '/'
Mon, 01 Sep 2025 18:09:51 GMT express:router:route put '/:id'
Mon, 01 Sep 2025 18:09:51 GMT express:router:layer new '/'
Mon, 01 Sep 2025 18:09:51 GMT express:router:route new '/:id/status'
Mon, 01 Sep 2025 18:09:51 GMT express:router:layer new '/:id/status'
Mon, 01 Sep 2025 18:09:51 GMT express:router:route put '/:id/status'
Mon, 01 Sep 2025 18:09:51 GMT express:router:layer new '/'
Mon, 01 Sep 2025 18:09:51 GMT express:router:route put '/:id/status'
Mon, 01 Sep 2025 18:09:51 GMT express:router:layer new '/'
Mon, 01 Sep 2025 18:09:51 GMT express:router:route put '/:id/status'
Mon, 01 Sep 2025 18:09:51 GMT express:router:layer new '/'
Mon, 01 Sep 2025 18:09:51 GMT express:router:route put '/:id/status'
Mon, 01 Sep 2025 18:09:51 GMT express:router:layer new '/'
Mon, 01 Sep 2025 18:09:51 GMT express:router:route new '/:id/assign'
Mon, 01 Sep 2025 18:09:51 GMT express:router:layer new '/:id/assign'
Mon, 01 Sep 2025 18:09:51 GMT express:router:route put '/:id/assign'
Mon, 01 Sep 2025 18:09:51 GMT express:router:layer new '/'
Mon, 01 Sep 2025 18:09:51 GMT express:router:route put '/:id/assign'
Mon, 01 Sep 2025 18:09:51 GMT express:router:layer new '/'
Mon, 01 Sep 2025 18:09:51 GMT express:router:route put '/:id/assign'
Mon, 01 Sep 2025 18:09:51 GMT express:router:layer new '/'
Mon, 01 Sep 2025 18:09:51 GMT express:router:route put '/:id/assign'
Mon, 01 Sep 2025 18:09:51 GMT express:router:layer new '/'
Mon, 01 Sep 2025 18:09:51 GMT express:router:route put '/:id/assign'
Mon, 01 Sep 2025 18:09:51 GMT express:router:layer new '/'
Mon, 01 Sep 2025 18:09:51 GMT express:router:route new '/:id/notes'
Mon, 01 Sep 2025 18:09:51 GMT express:router:layer new '/:id/notes'
Mon, 01 Sep 2025 18:09:51 GMT express:router:route post '/:id/notes'
Mon, 01 Sep 2025 18:09:51 GMT express:router:layer new '/'
Mon, 01 Sep 2025 18:09:51 GMT express:router:route post '/:id/notes'
Mon, 01 Sep 2025 18:09:51 GMT express:router:layer new '/'
Mon, 01 Sep 2025 18:09:51 GMT express:router:route post '/:id/notes'
Mon, 01 Sep 2025 18:09:51 GMT express:router:layer new '/'
Mon, 01 Sep 2025 18:09:51 GMT express:router:route post '/:id/notes'
Mon, 01 Sep 2025 18:09:51 GMT express:router:layer new '/'
Mon, 01 Sep 2025 18:09:51 GMT express:router:route post '/:id/notes'
Mon, 01 Sep 2025 18:09:51 GMT express:router:layer new '/'
Mon, 01 Sep 2025 18:09:51 GMT express:router:route post '/:id/notes'
Mon, 01 Sep 2025 18:09:51 GMT express:router:layer new '/'
Mon, 01 Sep 2025 18:09:51 GMT express:router:route post '/:id/notes'
Mon, 01 Sep 2025 18:09:51 GMT express:router:layer new '/'
Mon, 01 Sep 2025 18:09:51 GMT express:router:route post '/:id/notes'
Mon, 01 Sep 2025 18:09:51 GMT express:router:layer new '/'
Mon, 01 Sep 2025 18:09:51 GMT express:router:route new '/:id/notes'
Mon, 01 Sep 2025 18:09:51 GMT express:router:layer new '/:id/notes'
Mon, 01 Sep 2025 18:09:51 GMT express:router:route get '/:id/notes'
Mon, 01 Sep 2025 18:09:51 GMT express:router:layer new '/'
Mon, 01 Sep 2025 18:09:51 GMT express:router:route get '/:id/notes'
Mon, 01 Sep 2025 18:09:51 GMT express:router:layer new '/'
Mon, 01 Sep 2025 18:09:51 GMT express:router:route get '/:id/notes'
Mon, 01 Sep 2025 18:09:51 GMT express:router:layer new '/'
Mon, 01 Sep 2025 18:09:51 GMT express:router:route get '/:id/notes'
Mon, 01 Sep 2025 18:09:51 GMT express:router:layer new '/'
Mon, 01 Sep 2025 18:09:51 GMT express:router:route new '/:id/history'
Mon, 01 Sep 2025 18:09:51 GMT express:router:layer new '/:id/history'
Mon, 01 Sep 2025 18:09:51 GMT express:router:route get '/:id/history'
Mon, 01 Sep 2025 18:09:51 GMT express:router:layer new '/'
Mon, 01 Sep 2025 18:09:51 GMT express:router:route get '/:id/history'
Mon, 01 Sep 2025 18:09:51 GMT express:router:layer new '/'
Mon, 01 Sep 2025 18:09:51 GMT express:router:route new '/:id/parts'
Mon, 01 Sep 2025 18:09:51 GMT express:router:layer new '/:id/parts'
Mon, 01 Sep 2025 18:09:51 GMT express:router:route post '/:id/parts'
Mon, 01 Sep 2025 18:09:51 GMT express:router:layer new '/'
Mon, 01 Sep 2025 18:09:51 GMT express:router:route post '/:id/parts'
Mon, 01 Sep 2025 18:09:51 GMT express:router:layer new '/'
Mon, 01 Sep 2025 18:09:51 GMT express:router:route post '/:id/parts'
Mon, 01 Sep 2025 18:09:51 GMT express:router:layer new '/'
Mon, 01 Sep 2025 18:09:51 GMT express:router:route post '/:id/parts'
Mon, 01 Sep 2025 18:09:51 GMT express:router:layer new '/'
Mon, 01 Sep 2025 18:09:51 GMT express:router:route post '/:id/parts'
Mon, 01 Sep 2025 18:09:51 GMT express:router:layer new '/'
Mon, 01 Sep 2025 18:09:51 GMT express:router:route post '/:id/parts'
Mon, 01 Sep 2025 18:09:51 GMT express:router:layer new '/'
Mon, 01 Sep 2025 18:09:51 GMT express:router:route post '/:id/parts'
Mon, 01 Sep 2025 18:09:51 GMT express:router:layer new '/'
Mon, 01 Sep 2025 18:09:51 GMT express:router:route post '/:id/parts'
Mon, 01 Sep 2025 18:09:51 GMT express:router:layer new '/'
Mon, 01 Sep 2025 18:09:51 GMT express:router:route new '/:id/parts'
Mon, 01 Sep 2025 18:09:51 GMT express:router:layer new '/:id/parts'
Mon, 01 Sep 2025 18:09:51 GMT express:router:route get '/:id/parts'
Mon, 01 Sep 2025 18:09:51 GMT express:router:layer new '/'
Mon, 01 Sep 2025 18:09:51 GMT express:router:route get '/:id/parts'
Mon, 01 Sep 2025 18:09:51 GMT express:router:layer new '/'
Mon, 01 Sep 2025 18:09:51 GMT express:router use '/' authenticate
Mon, 01 Sep 2025 18:09:51 GMT express:router:layer new '/'
Mon, 01 Sep 2025 18:09:51 GMT express:router:route new '/items'
Mon, 01 Sep 2025 18:09:51 GMT express:router:layer new '/items'
Mon, 01 Sep 2025 18:09:51 GMT express:router:route get '/items'
Mon, 01 Sep 2025 18:09:51 GMT express:router:layer new '/'
Mon, 01 Sep 2025 18:09:51 GMT express:router:route get '/items'
Mon, 01 Sep 2025 18:09:51 GMT express:router:layer new '/'
Mon, 01 Sep 2025 18:09:51 GMT express:router:route get '/items'
Mon, 01 Sep 2025 18:09:51 GMT express:router:layer new '/'
Mon, 01 Sep 2025 18:09:51 GMT express:router:route get '/items'
Mon, 01 Sep 2025 18:09:51 GMT express:router:layer new '/'
Mon, 01 Sep 2025 18:09:51 GMT express:router:route get '/items'
Mon, 01 Sep 2025 18:09:51 GMT express:router:layer new '/'
Mon, 01 Sep 2025 18:09:51 GMT express:router:route get '/items'
Mon, 01 Sep 2025 18:09:51 GMT express:router:layer new '/'
Mon, 01 Sep 2025 18:09:51 GMT express:router:route get '/items'
Mon, 01 Sep 2025 18:09:51 GMT express:router:layer new '/'
Mon, 01 Sep 2025 18:09:51 GMT express:router:route get '/items'
Mon, 01 Sep 2025 18:09:51 GMT express:router:layer new '/'
Mon, 01 Sep 2025 18:09:51 GMT express:router:route get '/items'
Mon, 01 Sep 2025 18:09:51 GMT express:router:layer new '/'
Mon, 01 Sep 2025 18:09:51 GMT express:router:route new '/items/:id'
Mon, 01 Sep 2025 18:09:51 GMT express:router:layer new '/items/:id'
Mon, 01 Sep 2025 18:09:51 GMT express:router:route get '/items/:id'
Mon, 01 Sep 2025 18:09:51 GMT express:router:layer new '/'
Mon, 01 Sep 2025 18:09:51 GMT express:router:route get '/items/:id'
Mon, 01 Sep 2025 18:09:51 GMT express:router:layer new '/'
Mon, 01 Sep 2025 18:09:51 GMT express:router:route get '/items/:id'
Mon, 01 Sep 2025 18:09:51 GMT express:router:layer new '/'
Mon, 01 Sep 2025 18:09:51 GMT express:router:route new '/items'
Mon, 01 Sep 2025 18:09:51 GMT express:router:layer new '/items'
Mon, 01 Sep 2025 18:09:51 GMT express:router:route post '/items'
Mon, 01 Sep 2025 18:09:51 GMT express:router:layer new '/'
Mon, 01 Sep 2025 18:09:51 GMT express:router:route post '/items'
Mon, 01 Sep 2025 18:09:51 GMT express:router:layer new '/'
Mon, 01 Sep 2025 18:09:51 GMT express:router:route post '/items'
Mon, 01 Sep 2025 18:09:51 GMT express:router:layer new '/'
Mon, 01 Sep 2025 18:09:51 GMT express:router:route post '/items'
Mon, 01 Sep 2025 18:09:51 GMT express:router:layer new '/'
Mon, 01 Sep 2025 18:09:51 GMT express:router:route post '/items'
Mon, 01 Sep 2025 18:09:51 GMT express:router:layer new '/'
Mon, 01 Sep 2025 18:09:51 GMT express:router:route post '/items'
Mon, 01 Sep 2025 18:09:51 GMT express:router:layer new '/'
Mon, 01 Sep 2025 18:09:51 GMT express:router:route post '/items'
Mon, 01 Sep 2025 18:09:51 GMT express:router:layer new '/'
Mon, 01 Sep 2025 18:09:51 GMT express:router:route post '/items'
Mon, 01 Sep 2025 18:09:51 GMT express:router:layer new '/'
Mon, 01 Sep 2025 18:09:51 GMT express:router:route post '/items'
Mon, 01 Sep 2025 18:09:51 GMT express:router:layer new '/'
Mon, 01 Sep 2025 18:09:51 GMT express:router:route post '/items'
Mon, 01 Sep 2025 18:09:51 GMT express:router:layer new '/'
Mon, 01 Sep 2025 18:09:51 GMT express:router:route post '/items'
Mon, 01 Sep 2025 18:09:51 GMT express:router:layer new '/'
Mon, 01 Sep 2025 18:09:51 GMT express:router:route post '/items'
Mon, 01 Sep 2025 18:09:51 GMT express:router:layer new '/'
Mon, 01 Sep 2025 18:09:51 GMT express:router:route post '/items'
Mon, 01 Sep 2025 18:09:51 GMT express:router:layer new '/'
Mon, 01 Sep 2025 18:09:51 GMT express:router:route post '/items'
Mon, 01 Sep 2025 18:09:51 GMT express:router:layer new '/'
Mon, 01 Sep 2025 18:09:51 GMT express:router:route new '/items/:id'
Mon, 01 Sep 2025 18:09:51 GMT express:router:layer new '/items/:id'
Mon, 01 Sep 2025 18:09:51 GMT express:router:route put '/items/:id'
Mon, 01 Sep 2025 18:09:51 GMT express:router:layer new '/'
Mon, 01 Sep 2025 18:09:51 GMT express:router:route put '/items/:id'
Mon, 01 Sep 2025 18:09:51 GMT express:router:layer new '/'
Mon, 01 Sep 2025 18:09:51 GMT express:router:route put '/items/:id'
Mon, 01 Sep 2025 18:09:51 GMT express:router:layer new '/'
Mon, 01 Sep 2025 18:09:51 GMT express:router:route put '/items/:id'
Mon, 01 Sep 2025 18:09:51 GMT express:router:layer new '/'
Mon, 01 Sep 2025 18:09:51 GMT express:router:route put '/items/:id'
Mon, 01 Sep 2025 18:09:51 GMT express:router:layer new '/'
Mon, 01 Sep 2025 18:09:51 GMT express:router:route put '/items/:id'
Mon, 01 Sep 2025 18:09:51 GMT express:router:layer new '/'
Mon, 01 Sep 2025 18:09:51 GMT express:router:route put '/items/:id'
Mon, 01 Sep 2025 18:09:51 GMT express:router:layer new '/'
Mon, 01 Sep 2025 18:09:51 GMT express:router:route put '/items/:id'
Mon, 01 Sep 2025 18:09:51 GMT express:router:layer new '/'
Mon, 01 Sep 2025 18:09:51 GMT express:router:route put '/items/:id'
Mon, 01 Sep 2025 18:09:51 GMT express:router:layer new '/'
Mon, 01 Sep 2025 18:09:51 GMT express:router:route put '/items/:id'
Mon, 01 Sep 2025 18:09:51 GMT express:router:layer new '/'
Mon, 01 Sep 2025 18:09:51 GMT express:router:route put '/items/:id'
Mon, 01 Sep 2025 18:09:51 GMT express:router:layer new '/'
Mon, 01 Sep 2025 18:09:51 GMT express:router:route new '/items/:id'
Mon, 01 Sep 2025 18:09:51 GMT express:router:layer new '/items/:id'
Mon, 01 Sep 2025 18:09:51 GMT express:router:route delete '/items/:id'
Mon, 01 Sep 2025 18:09:51 GMT express:router:layer new '/'
Mon, 01 Sep 2025 18:09:51 GMT express:router:route delete '/items/:id'
Mon, 01 Sep 2025 18:09:51 GMT express:router:layer new '/'
Mon, 01 Sep 2025 18:09:51 GMT express:router:route delete '/items/:id'
Mon, 01 Sep 2025 18:09:51 GMT express:router:layer new '/'
Mon, 01 Sep 2025 18:09:51 GMT express:router:route delete '/items/:id'
Mon, 01 Sep 2025 18:09:51 GMT express:router:layer new '/'
Mon, 01 Sep 2025 18:09:51 GMT express:router:route new '/items/:id/transfer'
Mon, 01 Sep 2025 18:09:51 GMT express:router:layer new '/items/:id/transfer'
Mon, 01 Sep 2025 18:09:51 GMT express:router:route post '/items/:id/transfer'
Mon, 01 Sep 2025 18:09:51 GMT express:router:layer new '/'
Mon, 01 Sep 2025 18:09:51 GMT express:router:route post '/items/:id/transfer'
Mon, 01 Sep 2025 18:09:51 GMT express:router:layer new '/'
Mon, 01 Sep 2025 18:09:51 GMT express:router:route post '/items/:id/transfer'
Mon, 01 Sep 2025 18:09:51 GMT express:router:layer new '/'
Mon, 01 Sep 2025 18:09:51 GMT express:router:route post '/items/:id/transfer'
Mon, 01 Sep 2025 18:09:51 GMT express:router:layer new '/'
Mon, 01 Sep 2025 18:09:51 GMT express:router:route post '/items/:id/transfer'
Mon, 01 Sep 2025 18:09:51 GMT express:router:layer new '/'
Mon, 01 Sep 2025 18:09:51 GMT express:router:route post '/items/:id/transfer'
Mon, 01 Sep 2025 18:09:51 GMT express:router:layer new '/'
Mon, 01 Sep 2025 18:09:51 GMT express:router:route new '/items/:id/allocate'
Mon, 01 Sep 2025 18:09:51 GMT express:router:layer new '/items/:id/allocate'
Mon, 01 Sep 2025 18:09:51 GMT express:router:route post '/items/:id/allocate'
Mon, 01 Sep 2025 18:09:51 GMT express:router:layer new '/'
Mon, 01 Sep 2025 18:09:51 GMT express:router:route post '/items/:id/allocate'
Mon, 01 Sep 2025 18:09:51 GMT express:router:layer new '/'
Mon, 01 Sep 2025 18:09:51 GMT express:router:route post '/items/:id/allocate'
Mon, 01 Sep 2025 18:09:51 GMT express:router:layer new '/'
Mon, 01 Sep 2025 18:09:51 GMT express:router:route post '/items/:id/allocate'
Mon, 01 Sep 2025 18:09:51 GMT express:router:layer new '/'
Mon, 01 Sep 2025 18:09:51 GMT express:router:route post '/items/:id/allocate'
Mon, 01 Sep 2025 18:09:51 GMT express:router:layer new '/'
Mon, 01 Sep 2025 18:09:51 GMT express:router:route post '/items/:id/allocate'
Mon, 01 Sep 2025 18:09:51 GMT express:router:layer new '/'
Mon, 01 Sep 2025 18:09:51 GMT express:router:route post '/items/:id/allocate'
Mon, 01 Sep 2025 18:09:51 GMT express:router:layer new '/'
Mon, 01 Sep 2025 18:09:51 GMT express:router:route new '/items/:id/deallocate'
Mon, 01 Sep 2025 18:09:51 GMT express:router:layer new '/items/:id/deallocate'
Mon, 01 Sep 2025 18:09:51 GMT express:router:route post '/items/:id/deallocate'
Mon, 01 Sep 2025 18:09:51 GMT express:router:layer new '/'
Mon, 01 Sep 2025 18:09:51 GMT express:router:route post '/items/:id/deallocate'
Mon, 01 Sep 2025 18:09:51 GMT express:router:layer new '/'
Mon, 01 Sep 2025 18:09:51 GMT express:router:route post '/items/:id/deallocate'
Mon, 01 Sep 2025 18:09:51 GMT express:router:layer new '/'
Mon, 01 Sep 2025 18:09:51 GMT express:router:route post '/items/:id/deallocate'
Mon, 01 Sep 2025 18:09:51 GMT express:router:layer new '/'
Mon, 01 Sep 2025 18:09:51 GMT express:router:route post '/items/:id/deallocate'
Mon, 01 Sep 2025 18:09:51 GMT express:router:layer new '/'
Mon, 01 Sep 2025 18:09:51 GMT express:router:route new '/fifo-recommendations'
Mon, 01 Sep 2025 18:09:51 GMT express:router:layer new '/fifo-recommendations'
Mon, 01 Sep 2025 18:09:51 GMT express:router:route get '/fifo-recommendations'
Mon, 01 Sep 2025 18:09:51 GMT express:router:layer new '/'
Mon, 01 Sep 2025 18:09:51 GMT express:router:route get '/fifo-recommendations'
Mon, 01 Sep 2025 18:09:51 GMT express:router:layer new '/'
Mon, 01 Sep 2025 18:09:51 GMT express:router:route get '/fifo-recommendations'
Mon, 01 Sep 2025 18:09:51 GMT express:router:layer new '/'
Mon, 01 Sep 2025 18:09:51 GMT express:router:route get '/fifo-recommendations'
Mon, 01 Sep 2025 18:09:51 GMT express:router:layer new '/'
Mon, 01 Sep 2025 18:09:51 GMT express:router:route get '/fifo-recommendations'
Mon, 01 Sep 2025 18:09:51 GMT express:router:layer new '/'
Mon, 01 Sep 2025 18:09:51 GMT express:router:route new '/movements'
Mon, 01 Sep 2025 18:09:51 GMT express:router:layer new '/movements'
Mon, 01 Sep 2025 18:09:51 GMT express:router:route get '/movements'
Mon, 01 Sep 2025 18:09:51 GMT express:router:layer new '/'
Mon, 01 Sep 2025 18:09:51 GMT express:router:route get '/movements'
Mon, 01 Sep 2025 18:09:51 GMT express:router:layer new '/'
Mon, 01 Sep 2025 18:09:51 GMT express:router:route get '/movements'
Mon, 01 Sep 2025 18:09:51 GMT express:router:layer new '/'
Mon, 01 Sep 2025 18:09:51 GMT express:router:route get '/movements'
Mon, 01 Sep 2025 18:09:51 GMT express:router:layer new '/'
Mon, 01 Sep 2025 18:09:51 GMT express:router:route get '/movements'
Mon, 01 Sep 2025 18:09:51 GMT express:router:layer new '/'
Mon, 01 Sep 2025 18:09:51 GMT express:router:route get '/movements'
Mon, 01 Sep 2025 18:09:51 GMT express:router:layer new '/'
Mon, 01 Sep 2025 18:09:51 GMT express:router:route get '/movements'
Mon, 01 Sep 2025 18:09:51 GMT express:router:layer new '/'
Mon, 01 Sep 2025 18:09:51 GMT express:router:route get '/movements'
Mon, 01 Sep 2025 18:09:51 GMT express:router:layer new '/'
Mon, 01 Sep 2025 18:09:51 GMT express:router:route get '/movements'
Mon, 01 Sep 2025 18:09:51 GMT express:router:layer new '/'
Mon, 01 Sep 2025 18:09:51 GMT express:router:route get '/movements'
Mon, 01 Sep 2025 18:09:51 GMT express:router:layer new '/'
Mon, 01 Sep 2025 18:09:51 GMT express:router:route get '/movements'
Mon, 01 Sep 2025 18:09:51 GMT express:router:layer new '/'
Mon, 01 Sep 2025 18:09:51 GMT express:router:route get '/movements'
Mon, 01 Sep 2025 18:09:51 GMT express:router:layer new '/'
Mon, 01 Sep 2025 18:09:51 GMT express:router:route new '/levels/by-product'
Mon, 01 Sep 2025 18:09:51 GMT express:router:layer new '/levels/by-product'
Mon, 01 Sep 2025 18:09:51 GMT express:router:route get '/levels/by-product'
Mon, 01 Sep 2025 18:09:51 GMT express:router:layer new '/'
Mon, 01 Sep 2025 18:09:51 GMT express:router:route get '/levels/by-product'
Mon, 01 Sep 2025 18:09:51 GMT express:router:layer new '/'
Mon, 01 Sep 2025 18:09:51 GMT express:router:route get '/levels/by-product'
Mon, 01 Sep 2025 18:09:51 GMT express:router:layer new '/'
Mon, 01 Sep 2025 18:09:51 GMT express:router:route get '/levels/by-product'
Mon, 01 Sep 2025 18:09:51 GMT express:router:layer new '/'
Mon, 01 Sep 2025 18:09:51 GMT express:router:route new '/levels/by-location'
Mon, 01 Sep 2025 18:09:51 GMT express:router:layer new '/levels/by-location'
Mon, 01 Sep 2025 18:09:51 GMT express:router:route get '/levels/by-location'
Mon, 01 Sep 2025 18:09:51 GMT express:router:layer new '/'
Mon, 01 Sep 2025 18:09:51 GMT express:router:route get '/levels/by-location'
Mon, 01 Sep 2025 18:09:51 GMT express:router:layer new '/'
Mon, 01 Sep 2025 18:09:51 GMT express:router:route get '/levels/by-location'
Mon, 01 Sep 2025 18:09:51 GMT express:router:layer new '/'
Mon, 01 Sep 2025 18:09:51 GMT express:router:route new '/warranty/check'
Mon, 01 Sep 2025 18:09:51 GMT express:router:layer new '/warranty/check'
Mon, 01 Sep 2025 18:09:51 GMT express:router:route get '/warranty/check'
Mon, 01 Sep 2025 18:09:51 GMT express:router:layer new '/'
Mon, 01 Sep 2025 18:09:51 GMT express:router:route get '/warranty/check'
Mon, 01 Sep 2025 18:09:51 GMT express:router:layer new '/'
Mon, 01 Sep 2025 18:09:51 GMT express:router:route get '/warranty/check'
Mon, 01 Sep 2025 18:09:51 GMT express:router:layer new '/'
Mon, 01 Sep 2025 18:09:51 GMT express:router:route get '/warranty/check'
Mon, 01 Sep 2025 18:09:51 GMT express:router:layer new '/'
Mon, 01 Sep 2025 18:09:51 GMT express:router:route get '/warranty/check'
Mon, 01 Sep 2025 18:09:51 GMT express:router:layer new '/'
Mon, 01 Sep 2025 18:09:51 GMT express:router:route new '/levels/check'
Mon, 01 Sep 2025 18:09:51 GMT express:router:layer new '/levels/check'
Mon, 01 Sep 2025 18:09:51 GMT express:router:route get '/levels/check'
Mon, 01 Sep 2025 18:09:51 GMT express:router:layer new '/'
Mon, 01 Sep 2025 18:09:51 GMT express:router:route get '/levels/check'
Mon, 01 Sep 2025 18:09:51 GMT express:router:layer new '/'
Mon, 01 Sep 2025 18:09:51 GMT express:router:route new '/dashboard'
Mon, 01 Sep 2025 18:09:51 GMT express:router:layer new '/dashboard'
Mon, 01 Sep 2025 18:09:51 GMT express:router:route get '/dashboard'
Mon, 01 Sep 2025 18:09:51 GMT express:router:layer new '/'
Mon, 01 Sep 2025 18:09:51 GMT express:router:route get '/dashboard'
Mon, 01 Sep 2025 18:09:51 GMT express:router:layer new '/'
Mon, 01 Sep 2025 18:09:51 GMT express:router:route get '/dashboard'
Mon, 01 Sep 2025 18:09:51 GMT express:router:layer new '/'
Mon, 01 Sep 2025 18:09:51 GMT express:router:route get '/dashboard'
Mon, 01 Sep 2025 18:09:51 GMT express:router:layer new '/'
Mon, 01 Sep 2025 18:09:51 GMT express:router:route new '/run-checks'
Mon, 01 Sep 2025 18:09:51 GMT express:router:layer new '/run-checks'
Mon, 01 Sep 2025 18:09:51 GMT express:router:route post '/run-checks'
Mon, 01 Sep 2025 18:09:51 GMT express:router:layer new '/'
Mon, 01 Sep 2025 18:09:51 GMT express:router:route post '/run-checks'
Mon, 01 Sep 2025 18:09:51 GMT express:router:layer new '/'
Mon, 01 Sep 2025 18:09:51 GMT express:router use '/' authenticate
Mon, 01 Sep 2025 18:09:51 GMT express:router:layer new '/'
Mon, 01 Sep 2025 18:09:51 GMT express:router:route new '/'
Mon, 01 Sep 2025 18:09:51 GMT express:router:layer new '/'
Mon, 01 Sep 2025 18:09:51 GMT express:router:route get '/'
Mon, 01 Sep 2025 18:09:51 GMT express:router:layer new '/'
Mon, 01 Sep 2025 18:09:51 GMT express:router:route get '/'
Mon, 01 Sep 2025 18:09:51 GMT express:router:layer new '/'
Mon, 01 Sep 2025 18:09:51 GMT express:router:route new '/:id'
Mon, 01 Sep 2025 18:09:51 GMT express:router:layer new '/:id'
Mon, 01 Sep 2025 18:09:51 GMT express:router:route get '/:id'
Mon, 01 Sep 2025 18:09:51 GMT express:router:layer new '/'
Mon, 01 Sep 2025 18:09:51 GMT express:router:route get '/:id'
Mon, 01 Sep 2025 18:09:51 GMT express:router:layer new '/'
Mon, 01 Sep 2025 18:09:51 GMT express:router:route new '/:id/versions'
Mon, 01 Sep 2025 18:09:51 GMT express:router:layer new '/:id/versions'
Mon, 01 Sep 2025 18:09:51 GMT express:router:route get '/:id/versions'
Mon, 01 Sep 2025 18:09:51 GMT express:router:layer new '/'
Mon, 01 Sep 2025 18:09:51 GMT express:router:route get '/:id/versions'
Mon, 01 Sep 2025 18:09:51 GMT express:router:layer new '/'
Mon, 01 Sep 2025 18:09:51 GMT express:router:route new '/version/:versionId/download'
Mon, 01 Sep 2025 18:09:51 GMT express:router:layer new '/version/:versionId/download'
Mon, 01 Sep 2025 18:09:51 GMT express:router:route get '/version/:versionId/download'
Mon, 01 Sep 2025 18:09:51 GMT express:router:layer new '/'
Mon, 01 Sep 2025 18:09:51 GMT express:router:route get '/version/:versionId/download'
Mon, 01 Sep 2025 18:09:51 GMT express:router:layer new '/'
Mon, 01 Sep 2025 18:09:51 GMT express:router:route new '/upload'
Mon, 01 Sep 2025 18:09:51 GMT express:router:layer new '/upload'
Mon, 01 Sep 2025 18:09:51 GMT express:router:route post '/upload'
Mon, 01 Sep 2025 18:09:51 GMT express:router:layer new '/'
Mon, 01 Sep 2025 18:09:51 GMT express:router:route post '/upload'
Mon, 01 Sep 2025 18:09:51 GMT express:router:layer new '/'
Mon, 01 Sep 2025 18:09:51 GMT express:router:route post '/upload'
Mon, 01 Sep 2025 18:09:51 GMT express:router:layer new '/'
Mon, 01 Sep 2025 18:09:51 GMT express:router:route new '/technical/upload'
Mon, 01 Sep 2025 18:09:51 GMT express:router:layer new '/technical/upload'
Mon, 01 Sep 2025 18:09:51 GMT express:router:route post '/technical/upload'
Mon, 01 Sep 2025 18:09:51 GMT express:router:layer new '/'
Mon, 01 Sep 2025 18:09:51 GMT express:router:route post '/technical/upload'
Mon, 01 Sep 2025 18:09:51 GMT express:router:layer new '/'
Mon, 01 Sep 2025 18:09:51 GMT express:router:route post '/technical/upload'
Mon, 01 Sep 2025 18:09:51 GMT express:router:layer new '/'
Mon, 01 Sep 2025 18:09:51 GMT express:router:route new '/technical/:id'
Mon, 01 Sep 2025 18:09:51 GMT express:router:layer new '/technical/:id'
Mon, 01 Sep 2025 18:09:51 GMT express:router:route put '/technical/:id'
Mon, 01 Sep 2025 18:09:51 GMT express:router:layer new '/'
Mon, 01 Sep 2025 18:09:51 GMT express:router:route put '/technical/:id'
Mon, 01 Sep 2025 18:09:51 GMT express:router:layer new '/'
Mon, 01 Sep 2025 18:09:51 GMT express:router:route put '/technical/:id'
Mon, 01 Sep 2025 18:09:51 GMT express:router:layer new '/'
Mon, 01 Sep 2025 18:09:51 GMT express:router:route put '/technical/:id'
Mon, 01 Sep 2025 18:09:51 GMT express:router:layer new '/'
Mon, 01 Sep 2025 18:09:51 GMT express:router:route new '/generate'
Mon, 01 Sep 2025 18:09:51 GMT express:router:layer new '/generate'
Mon, 01 Sep 2025 18:09:51 GMT express:router:route post '/generate'
Mon, 01 Sep 2025 18:09:51 GMT express:router:layer new '/'
Mon, 01 Sep 2025 18:09:51 GMT express:router:route post '/generate'
Mon, 01 Sep 2025 18:09:51 GMT express:router:layer new '/'
Mon, 01 Sep 2025 18:09:51 GMT express:router:route post '/generate'
Mon, 01 Sep 2025 18:09:51 GMT express:router:layer new '/'
Mon, 01 Sep 2025 18:09:51 GMT express:router:route new '/:id'
Mon, 01 Sep 2025 18:09:51 GMT express:router:layer new '/:id'
Mon, 01 Sep 2025 18:09:51 GMT express:router:route delete '/:id'
Mon, 01 Sep 2025 18:09:51 GMT express:router:layer new '/'
Mon, 01 Sep 2025 18:09:51 GMT express:router:route delete '/:id'
Mon, 01 Sep 2025 18:09:51 GMT express:router:layer new '/'
Mon, 01 Sep 2025 18:09:51 GMT express:router:route delete '/:id'
Mon, 01 Sep 2025 18:09:51 GMT express:router:layer new '/'
Mon, 01 Sep 2025 18:09:51 GMT express:router use '/' authenticate
Mon, 01 Sep 2025 18:09:51 GMT express:router:layer new '/'
Mon, 01 Sep 2025 18:09:51 GMT express:router:route new '/'
Mon, 01 Sep 2025 18:09:51 GMT express:router:layer new '/'
Mon, 01 Sep 2025 18:09:51 GMT express:router:route get '/'
Mon, 01 Sep 2025 18:09:51 GMT express:router:layer new '/'
Mon, 01 Sep 2025 18:09:51 GMT express:router:route new '/unread/count'
Mon, 01 Sep 2025 18:09:51 GMT express:router:layer new '/unread/count'
Mon, 01 Sep 2025 18:09:51 GMT express:router:route get '/unread/count'
Mon, 01 Sep 2025 18:09:51 GMT express:router:layer new '/'
Mon, 01 Sep 2025 18:09:51 GMT express:router:route new '/:id/read'
Mon, 01 Sep 2025 18:09:51 GMT express:router:layer new '/:id/read'
Mon, 01 Sep 2025 18:09:51 GMT express:router:route put '/:id/read'
Mon, 01 Sep 2025 18:09:51 GMT express:router:layer new '/'
Mon, 01 Sep 2025 18:09:51 GMT express:router:route new '/read/all'
Mon, 01 Sep 2025 18:09:51 GMT express:router:layer new '/read/all'
Mon, 01 Sep 2025 18:09:51 GMT express:router:route put '/read/all'
Mon, 01 Sep 2025 18:09:51 GMT express:router:layer new '/'
Mon, 01 Sep 2025 18:09:51 GMT express:router:route new '/:id'
Mon, 01 Sep 2025 18:09:51 GMT express:router:layer new '/:id'
Mon, 01 Sep 2025 18:09:51 GMT express:router:route delete '/:id'
Mon, 01 Sep 2025 18:09:51 GMT express:router:layer new '/'
Mon, 01 Sep 2025 18:09:51 GMT express:router:route new '/read/all'
Mon, 01 Sep 2025 18:09:51 GMT express:router:layer new '/read/all'
Mon, 01 Sep 2025 18:09:51 GMT express:router:route delete '/read/all'
Mon, 01 Sep 2025 18:09:51 GMT express:router:layer new '/'
Mon, 01 Sep 2025 18:09:51 GMT express:router:route new '/test'
Mon, 01 Sep 2025 18:09:51 GMT express:router:layer new '/test'
Mon, 01 Sep 2025 18:09:51 GMT express:router:route post '/test'
Mon, 01 Sep 2025 18:09:51 GMT express:router:layer new '/'
Mon, 01 Sep 2025 18:09:51 GMT express:router:route post '/test'
Mon, 01 Sep 2025 18:09:51 GMT express:router:layer new '/'
Mon, 01 Sep 2025 18:09:51 GMT express:router use '/' authenticate
Mon, 01 Sep 2025 18:09:51 GMT express:router:layer new '/'
Mon, 01 Sep 2025 18:09:51 GMT express:router:route new '/'
Mon, 01 Sep 2025 18:09:51 GMT express:router:layer new '/'
Mon, 01 Sep 2025 18:09:51 GMT express:router:route get '/'
Mon, 01 Sep 2025 18:09:51 GMT express:router:layer new '/'
Mon, 01 Sep 2025 18:09:51 GMT express:router:route get '/'
Mon, 01 Sep 2025 18:09:51 GMT express:router:layer new '/'
Mon, 01 Sep 2025 18:09:51 GMT express:router:route new '/:id'
Mon, 01 Sep 2025 18:09:51 GMT express:router:layer new '/:id'
Mon, 01 Sep 2025 18:09:51 GMT express:router:route get '/:id'
Mon, 01 Sep 2025 18:09:51 GMT express:router:layer new '/'
Mon, 01 Sep 2025 18:09:51 GMT express:router:route get '/:id'
Mon, 01 Sep 2025 18:09:51 GMT express:router:layer new '/'
Mon, 01 Sep 2025 18:09:51 GMT express:router:route new '/entity/:entity_type/:entity_id'
Mon, 01 Sep 2025 18:09:51 GMT express:router:layer new '/entity/:entity_type/:entity_id'
Mon, 01 Sep 2025 18:09:51 GMT express:router:route get '/entity/:entity_type/:entity_id'
Mon, 01 Sep 2025 18:09:51 GMT express:router:layer new '/'
Mon, 01 Sep 2025 18:09:51 GMT express:router:route get '/entity/:entity_type/:entity_id'
Mon, 01 Sep 2025 18:09:51 GMT express:router:layer new '/'
Mon, 01 Sep 2025 18:09:51 GMT express:router:route new '/user/:user_id'
Mon, 01 Sep 2025 18:09:51 GMT express:router:layer new '/user/:user_id'
Mon, 01 Sep 2025 18:09:51 GMT express:router:route get '/user/:user_id'
Mon, 01 Sep 2025 18:09:51 GMT express:router:layer new '/'
Mon, 01 Sep 2025 18:09:51 GMT express:router:route new '/stats'
Mon, 01 Sep 2025 18:09:51 GMT express:router:layer new '/stats'
Mon, 01 Sep 2025 18:09:51 GMT express:router:route get '/stats'
Mon, 01 Sep 2025 18:09:51 GMT express:router:layer new '/'
Mon, 01 Sep 2025 18:09:51 GMT express:router:route get '/stats'
Mon, 01 Sep 2025 18:09:51 GMT express:router:layer new '/'
Mon, 01 Sep 2025 18:09:51 GMT express:router:route new '/'
Mon, 01 Sep 2025 18:09:51 GMT express:router:layer new '/'
Mon, 01 Sep 2025 18:09:51 GMT express:router:route post '/'
Mon, 01 Sep 2025 18:09:51 GMT express:router:layer new '/'
Mon, 01 Sep 2025 18:09:51 GMT express:router:route post '/'
Mon, 01 Sep 2025 18:09:51 GMT express:router:layer new '/'
Mon, 01 Sep 2025 18:09:51 GMT express:application set "x-powered-by" to true
Mon, 01 Sep 2025 18:09:51 GMT express:application set "etag" to 'weak'
Mon, 01 Sep 2025 18:09:51 GMT express:application set "etag fn" to [Function: generateETag]
Mon, 01 Sep 2025 18:09:51 GMT express:application set "env" to 'development'
Mon, 01 Sep 2025 18:09:51 GMT express:application set "query parser" to 'extended'
Mon, 01 Sep 2025 18:09:51 GMT express:application set "query parser fn" to [Function: parseExtendedQueryString]
Mon, 01 Sep 2025 18:09:51 GMT express:application set "subdomain offset" to 2
Mon, 01 Sep 2025 18:09:51 GMT express:application set "trust proxy" to false
Mon, 01 Sep 2025 18:09:51 GMT express:application set "trust proxy fn" to [Function: trustNone]
Mon, 01 Sep 2025 18:09:51 GMT express:application booting in development mode
Mon, 01 Sep 2025 18:09:51 GMT express:application set "view" to [Function: View]
Mon, 01 Sep 2025 18:09:51 GMT express:application set "views" to 'C:\\wamp64\\www\\vtria-erp\\server\\views'
Mon, 01 Sep 2025 18:09:51 GMT express:application set "jsonp callback name" to 'callback'
Setting server port to: 5000
Mon, 01 Sep 2025 18:09:51 GMT express:router use '/' query
Mon, 01 Sep 2025 18:09:51 GMT express:router:layer new '/'
Mon, 01 Sep 2025 18:09:51 GMT express:router use '/' expressInit
Mon, 01 Sep 2025 18:09:51 GMT express:router:layer new '/'
Mon, 01 Sep 2025 18:09:51 GMT express:router use '/' helmetMiddleware
Mon, 01 Sep 2025 18:09:51 GMT express:router:layer new '/'
Mon, 01 Sep 2025 18:09:51 GMT express:router use '/' compression
Mon, 01 Sep 2025 18:09:51 GMT express:router:layer new '/'
Mon, 01 Sep 2025 18:09:51 GMT express:router use '/' <anonymous>
Mon, 01 Sep 2025 18:09:51 GMT express:router:layer new '/'
Mon, 01 Sep 2025 18:09:51 GMT express:router use '/' corsMiddleware
Mon, 01 Sep 2025 18:09:51 GMT express:router:layer new '/'
Mon, 01 Sep 2025 18:09:51 GMT express:router use '/' <anonymous>
Mon, 01 Sep 2025 18:09:51 GMT express:router:layer new '/'
Mon, 01 Sep 2025 18:09:51 GMT express:router use '/' jsonParser
Mon, 01 Sep 2025 18:09:51 GMT express:router:layer new '/'
Mon, 01 Sep 2025 18:09:51 GMT express:router use '/' urlencodedParser
Mon, 01 Sep 2025 18:09:51 GMT express:router:layer new '/'
Mon, 01 Sep 2025 18:09:51 GMT express:router:route new '/health'
Mon, 01 Sep 2025 18:09:51 GMT express:router:layer new '/health'
Mon, 01 Sep 2025 18:09:51 GMT express:router:route get '/health'
Mon, 01 Sep 2025 18:09:51 GMT express:router:layer new '/'
Mon, 01 Sep 2025 18:09:51 GMT express:router:route new '/api/health'
Mon, 01 Sep 2025 18:09:51 GMT express:router:layer new '/api/health'
Mon, 01 Sep 2025 18:09:51 GMT express:router:route get '/api/health'
Mon, 01 Sep 2025 18:09:51 GMT express:router:layer new '/'
Mon, 01 Sep 2025 18:09:51 GMT express:router use '/api' <anonymous>
Mon, 01 Sep 2025 18:09:51 GMT express:router:layer new '/api'
Mon, 01 Sep 2025 18:09:51 GMT express:router use '/api/auth' router
Mon, 01 Sep 2025 18:09:51 GMT express:router:layer new '/api/auth'
Mon, 01 Sep 2025 18:09:51 GMT express:router use '/api/users' router
Mon, 01 Sep 2025 18:09:51 GMT express:router:layer new '/api/users'
Mon, 01 Sep 2025 18:09:51 GMT express:router use '/api/cases' router
Mon, 01 Sep 2025 18:09:51 GMT express:router:layer new '/api/cases'
Mon, 01 Sep 2025 18:09:51 GMT express:router use '/api/case-queues' router
Mon, 01 Sep 2025 18:09:51 GMT express:router:layer new '/api/case-queues'
Mon, 01 Sep 2025 18:09:51 GMT express:router use '/api/tickets' router
Mon, 01 Sep 2025 18:09:51 GMT express:router:layer new '/api/tickets'
Mon, 01 Sep 2025 18:09:51 GMT express:router use '/api/stock' router
Mon, 01 Sep 2025 18:09:51 GMT express:router:layer new '/api/stock'
Mon, 01 Sep 2025 18:09:51 GMT express:router use '/api/documents' router
Mon, 01 Sep 2025 18:09:51 GMT express:router:layer new '/api/documents'
Mon, 01 Sep 2025 18:09:51 GMT express:router use '/api/notifications' router
Mon, 01 Sep 2025 18:09:51 GMT express:router:layer new '/api/notifications'
Mon, 01 Sep 2025 18:09:51 GMT express:router use '/api/audit-logs' router
Mon, 01 Sep 2025 18:09:51 GMT express:router:layer new '/api/audit-logs'
Mon, 01 Sep 2025 18:09:51 GMT express:router use '/' <anonymous>
Mon, 01 Sep 2025 18:09:51 GMT express:router:layer new '/'
Mon, 01 Sep 2025 18:09:51 GMT express:router use '*' <anonymous>
Mon, 01 Sep 2025 18:09:51 GMT express:router:layer new '*'
winston:file: stat done: error.log { size: 710 }
winston:file: create stream start logs\error.log { flags: 'a' }
winston:file: create stream ok logs\error.log
winston:file: stat done: combined.log { size: 2420 }
winston:file: create stream start logs\combined.log { flags: 'a' }
winston:file: create stream ok logs\combined.log
winston:file: file open ok logs\error.log
winston:file: file open ok logs\combined.log
2025-09-01T18:09:51.661Z sequelize:connection:mysql connection acquired
2025-09-01T18:09:51.664Z sequelize:sql:mysql Executing (default): SELECT VERSION() as `version`
2025-09-01T18:09:51.667Z sequelize:sql:mysql Executed (default): SELECT VERSION() as `version`
2025-09-01T18:09:51.674Z sequelize:connection:mysql connection acquired
2025-09-01T18:09:51.675Z sequelize:pool connection acquired
2025-09-01T18:09:51.675Z sequelize:sql:mysql Executing (default): SELECT 1+1 AS result
2025-09-01T18:09:51.677Z sequelize:sql:mysql Executed (default): SELECT 1+1 AS result
2025-09-01T18:09:51.678Z sequelize:pool connection released
2025-09-01 23:39:51:3951 [32minfo[39m: [32mDatabase connection established successfully[39m
winston:file: written true false
Case scheduler initialized
2025-09-01 23:39:51:3951 [32minfo[39m: [32mTicket scheduler started successfully[39m
winston:file: written true false
Stock scheduler initialized successfully
2025-09-01T18:09:51.685Z socket.io:server initializing namespace /
2025-09-01T18:09:51.686Z socket.io:server creating engine.io instance with opts {"cors":{"origin":"http://localhost","methods":["GET","POST"],"credentials":true},"cleanupEmptyChildNamespaces":false,"path":"/socket.io"}
2025-09-01T18:09:51.688Z socket.io:server attaching client serving req handler
2025-09-01 23:39:51:3951 [32minfo[39m: [32mWebSocket service initialized[39m
winston:file: written true false
winston:file: logged 2517 2025-09-01 23:39:51:3951 [32minfo[39m: [32mDatabase connection established successfully[39m

winston:file: logged 2607 2025-09-01 23:39:51:3951 [32minfo[39m: [32mTicket scheduler started successfully[39m

winston:file: logged 2689 2025-09-01 23:39:51:3951 [32minfo[39m: [32mWebSocket service initialized[39m

VTRIA ERP Server running on port 5000
Environment: development
Case lifecycle scheduler initialized
Ticket support scheduler initialized
Stock management scheduler initialized
WebSocket server initialized for real-time notifications
2025-09-01T18:10:01.745Z sequelize:pool connection destroy
2025-09-01 23:40:05:405 [32minfo[39m: [32mSIGINT received, shutting down gracefully[39m
winston:file: written true false
Stopped scheduler job: aging_update
Stopped scheduler job: overdue_notifications
2025-09-01 23:40:05:405 [32minfo[39m: [32mTicket scheduler stopped successfully[39m
winston:file: written true false
Stopping stock scheduler...
2025-09-01 23:40:05:405 [32minfo[39m: [32mWebSocket server closed[39m
winston:file: written true false
winston:file: logged 2782 2025-09-01 23:40:05:405 [32minfo[39m: [32mSIGINT received, shutting down gracefully[39m

winston:file: logged 2871 2025-09-01 23:40:05:405 [32minfo[39m: [32mTicket scheduler stopped successfully[39m

winston:file: logged 2946 2025-09-01 23:40:05:405 [32minfo[39m: [32mWebSocket server closed[39m

2025-09-01T18:10:05.357Z sequelize:pool connection drain due to process exit
2025-09-01T18:10:05.357Z engine closing all open clients
2025-09-01T18:10:05.357Z engine closing webSocketServer
