2025-09-01 18:39:54:3954 [31merror[39m: [31mFailed to start server: password authentication failed for user "postgres"[39m
2025-09-01 18:55:16:5516 [31merror[39m: [31mFailed to start server: database "vtria_erp_dev" does not exist[39m
2025-09-01 21:43:32:4332 [32minfo[39m: [32mDatabase connection established successfully[39m
2025-09-01 21:52:27:5227 [32minfo[39m: [32mDatabase connection established successfully[39m
2025-09-01 21:55:28:5528 [32minfo[39m: [32mDatabase connection established successfully[39m
2025-09-01 21:56:55:5655 [32minfo[39m: [32mDatabase connection established successfully[39m
2025-09-01 21:58:33:5833 [32minfo[39m: [32mDatabase connection established successfully[39m
2025-09-01 21:59:15:5915 [32minfo[39m: [32mDatabase connection established successfully[39m
2025-09-01 22:04:50:450 [32minfo[39m: [32mDatabase connection established successfully[39m
2025-09-01 22:06:03:63 [32minfo[39m: [32mDatabase connection established successfully[39m
2025-09-01 22:06:23:623 [32minfo[39m: [32mDatabase connection established successfully[39m
2025-09-01 22:06:42:642 [32minfo[39m: [32mDatabase connection established successfully[39m
2025-09-01 22:07:37:737 [32minfo[39m: [32mDatabase connection established successfully[39m
2025-09-01 22:08:02:82 [32minfo[39m: [32mDatabase connection established successfully[39m
2025-09-01 22:09:57:957 [32minfo[39m: [32mDatabase connection established successfully[39m
2025-09-01 22:19:34:1934 [32minfo[39m: [32mDatabase connection established successfully[39m
2025-09-01 22:20:51:2051 [32minfo[39m: [32mDatabase connection established successfully[39m
2025-09-01 23:25:59:2559 [32minfo[39m: [32mDatabase connection established successfully[39m
2025-09-01 23:26:50:2650 [32minfo[39m: [32mDatabase connection established successfully[39m
2025-09-01 23:26:50:2650 [32minfo[39m: [32mTicket scheduler started successfully[39m
2025-09-01 23:26:50:2650 [32minfo[39m: [32mWebSocket service initialized[39m
2025-09-01 23:27:50:2750 [32minfo[39m: [32mDatabase connection established successfully[39m
2025-09-01 23:27:50:2750 [32minfo[39m: [32mTicket scheduler started successfully[39m
2025-09-01 23:27:50:2750 [32minfo[39m: [32mWebSocket service initialized[39m
2025-09-01 23:27:58:2758 [32minfo[39m: [32mSIGINT received, shutting down gracefully[39m
2025-09-01 23:39:51:3951 [32minfo[39m: [32mDatabase connection established successfully[39m
2025-09-01 23:39:51:3951 [32minfo[39m: [32mTicket scheduler started successfully[39m
2025-09-01 23:39:51:3951 [32minfo[39m: [32mWebSocket service initialized[39m
2025-09-01 23:40:05:405 [32minfo[39m: [32mSIGINT received, shutting down gracefully[39m
2025-09-01 23:50:03:503 [32minfo[39m: [32mDatabase connection established successfully[39m
2025-09-01 23:50:03:503 [32minfo[39m: [32mTicket scheduler started successfully[39m
2025-09-01 23:50:03:503 [32minfo[39m: [32mWebSocket service initialized[39m
2025-09-01 23:50:43:5043 [32minfo[39m: [32mSIGINT received, shutting down gracefully[39m
2025-09-01 23:52:47:5247 [32minfo[39m: [32mDatabase connection established successfully[39m
2025-09-01 23:52:47:5247 [32minfo[39m: [32mTicket scheduler started successfully[39m
2025-09-01 23:52:47:5247 [32minfo[39m: [32mWebSocket service initialized[39m
2025-09-02 00:38:41:3841 [32minfo[39m: [32mDatabase connection established successfully[39m
2025-09-02 00:38:41:3841 [32minfo[39m: [32mTicket scheduler started successfully[39m
2025-09-02 00:38:41:3841 [32minfo[39m: [32mWebSocket service initialized[39m
2025-09-02 00:39:13:3913 [32minfo[39m: [32mSIGINT received but ignored due to IGNORE_SIGINT=true[39m
2025-09-02 00:39:15:3915 [32minfo[39m: [32mDatabase connection established successfully[39m
2025-09-02 00:39:15:3915 [32minfo[39m: [32mTicket scheduler started successfully[39m
2025-09-02 00:39:15:3915 [32minfo[39m: [32mWebSocket service initialized[39m
2025-09-02 00:39:52:3952 [32minfo[39m: [32mSIGINT received but ignored due to IGNORE_SIGINT=true[39m
2025-09-02 00:41:22:4122 [32minfo[39m: [32mDatabase connection established successfully[39m
2025-09-02 00:41:22:4122 [32minfo[39m: [32mTicket scheduler started successfully[39m
2025-09-02 00:41:22:4122 [32minfo[39m: [32mWebSocket service initialized[39m
2025-09-02 00:41:34:4134 [32minfo[39m: [32mSIGINT received but ignored due to IGNORE_SIGINT=true[39m
2025-09-02 00:44:33:4433 [31merror[39m: [31mUnhandled error: Bad escaped character in JSON at position 9 (line 1 column 10)[39m
2025-09-02 00:44:54:4454 [31merror[39m: [31mLogin error: Unknown column 'User.phone' in 'field list'[39m
2025-09-02 00:45:05:455 [31merror[39m: [31mLogin error: Unknown column 'User.phone' in 'field list'[39m
2025-09-02 00:46:13:4613 [31merror[39m: [31mLogin error: Unknown column 'User.phone' in 'field list'[39m
2025-09-02 00:46:28:4628 [31merror[39m: [31mLogin error: Unknown column 'User.phone' in 'field list'[39m
2025-09-02 00:46:51:4651 [31merror[39m: [31mLogin error: Unknown column 'User.phone' in 'field list'[39m
2025-09-02 00:46:58:4658 [31merror[39m: [31mLogin error: Unknown column 'User.phone' in 'field list'[39m
2025-09-02 00:46:59:4659 [31merror[39m: [31mLogin error: Unknown column 'User.phone' in 'field list'[39m
2025-09-02 00:49:48:4948 [32minfo[39m: [32mDatabase connection established successfully[39m
2025-09-02 00:49:48:4948 [32minfo[39m: [32mTicket scheduler started successfully[39m
2025-09-02 00:49:48:4948 [32minfo[39m: [32mWebSocket service initialized[39m
2025-09-02 00:50:14:5014 [32minfo[39m: [32mSIGINT received but ignored due to IGNORE_SIGINT=true[39m
2025-09-02 00:51:10:5110 [32minfo[39m: [32mDatabase connection established successfully[39m
2025-09-02 00:54:13:5413 [31merror[39m: [31mLogin error: Unknown column 'User.phone' in 'field list'[39m
2025-09-02 00:57:54:5754 [32minfo[39m: [32mDatabase connection established successfully[39m
2025-09-02 00:57:54:5754 [32minfo[39m: [32mTicket scheduler started successfully[39m
2025-09-02 00:57:54:5754 [32minfo[39m: [32mWebSocket service initialized[39m
2025-09-02 00:58:27:5827 [31merror[39m: [31mLogin error: Unknown column 'User.phone' in 'field list'[39m
2025-09-02 00:58:36:5836 [31merror[39m: [31mLogin error: Unknown column 'User.phone' in 'field list'[39m
2025-09-02 01:00:00:00 [32minfo[39m: [32mStarting ticket aging update...[39m
2025-09-02 01:00:00:00 [31merror[39m: [31mFailed to update ticket aging: You have an error in your SQL syntax; check the manual that corresponds to your MySQL server version for the right syntax to use near 'EPOCH FROM (NOW() - created_at))/3600 > 4 THEN true[39m
[31m          WHEN priority = 'h' at line 3[39m
2025-09-02 01:03:09:39 [32minfo[39m: [32mSIGINT received but ignored due to IGNORE_SIGINT=true[39m
2025-09-02 01:03:12:312 [32minfo[39m: [32mSIGINT received but ignored due to IGNORE_SIGINT=true[39m
2025-09-02 01:03:13:313 [32minfo[39m: [32mSIGINT received but ignored due to IGNORE_SIGINT=true[39m
2025-09-02 01:03:14:314 [32minfo[39m: [32mSIGINT received but ignored due to IGNORE_SIGINT=true[39m
2025-09-02 01:04:48:448 [32minfo[39m: [32mDatabase connection established successfully[39m
2025-09-02 01:04:48:448 [32minfo[39m: [32mTicket scheduler started successfully[39m
2025-09-02 01:04:48:448 [32minfo[39m: [32mWebSocket service initialized[39m
2025-09-02 01:05:04:54 [32minfo[39m: [32mSIGINT received but ignored due to IGNORE_SIGINT=true[39m
2025-09-02 01:07:01:71 [31merror[39m: [31mLogin error: Unknown column 'User.is_active' in 'field list'[39m
2025-09-02 01:09:10:910 [31merror[39m: [31mLogin error: Unknown column 'User.is_active' in 'field list'[39m
