2025-09-01 22:06:48:648 [32minfo[39m: [32mDatabase connection established successfully[39m
2025-09-01 22:13:29:1329 [32minfo[39m: [32mDatabase connection established successfully[39m
2025-09-01 22:13:45:1345 [32minfo[39m: [32mDatabase connection established successfully[39m
2025-09-01 22:14:25:1425 [32minfo[39m: [32mDatabase connection established successfully[39m
2025-09-01 22:16:49:1649 [32minfo[39m: [32mDatabase connection established successfully[39m
2025-09-01 22:17:03:173 [32minfo[39m: [32mDatabase connection established successfully[39m
2025-09-01 22:18:31:1831 [32minfo[39m: [32mDatabase connection established successfully[39m
2025-09-01 22:22:06:226 [32minfo[39m: [32mDatabase connection established successfully[39m
2025-09-01 22:22:06:226 [32minfo[39m: [32mTicket scheduler started successfully[39m
2025-09-01 22:22:06:226 [32minfo[39m: [32mWebSocket service initialized[39m
2025-09-01 22:22:26:2226 [32minfo[39m: [32mSIGINT received, shutting down gracefully[39m
2025-09-01 22:22:26:2226 [32minfo[39m: [32mTicket scheduler stopped successfully[39m
2025-09-01 22:23:16:2316 [32minfo[39m: [32mDatabase connection established successfully[39m
2025-09-01 22:23:16:2316 [32minfo[39m: [32mTicket scheduler started successfully[39m
2025-09-01 22:23:16:2316 [32minfo[39m: [32mWebSocket service initialized[39m
2025-09-01 22:29:45:2945 [32minfo[39m: [32mDatabase connection established successfully[39m
2025-09-01 22:30:04:304 [32minfo[39m: [32mDatabase connection established successfully[39m
2025-09-01 22:30:05:305 [32minfo[39m: [32mTicket scheduler started successfully[39m
2025-09-01 22:30:05:305 [32minfo[39m: [32mWebSocket service initialized[39m
2025-09-01 22:30:31:3031 [32minfo[39m: [32mSIGINT received, shutting down gracefully[39m
2025-09-01 22:30:31:3031 [32minfo[39m: [32mTicket scheduler stopped successfully[39m
2025-09-01 22:31:49:3149 [32minfo[39m: [32mSIGINT received, shutting down gracefully[39m
2025-09-01 22:31:49:3149 [32minfo[39m: [32mTicket scheduler stopped successfully[39m
2025-09-01 22:31:51:3151 [32minfo[39m: [32mSIGINT received, shutting down gracefully[39m
2025-09-01 22:31:51:3151 [33mwarn[39m: [33mTicket scheduler is not running[39m
2025-09-01 22:31:51:3151 [32minfo[39m: [32mSIGINT received, shutting down gracefully[39m
2025-09-01 22:31:51:3151 [33mwarn[39m: [33mTicket scheduler is not running[39m
2025-09-01 22:31:52:3152 [32minfo[39m: [32mSIGINT received, shutting down gracefully[39m
2025-09-01 22:31:52:3152 [33mwarn[39m: [33mTicket scheduler is not running[39m
2025-09-01 22:31:52:3152 [32minfo[39m: [32mSIGINT received, shutting down gracefully[39m
2025-09-01 22:31:52:3152 [33mwarn[39m: [33mTicket scheduler is not running[39m
2025-09-01 22:31:52:3152 [32minfo[39m: [32mSIGINT received, shutting down gracefully[39m
2025-09-01 22:31:52:3152 [33mwarn[39m: [33mTicket scheduler is not running[39m
2025-09-01 22:31:52:3152 [32minfo[39m: [32mSIGINT received, shutting down gracefully[39m
2025-09-01 22:31:52:3152 [33mwarn[39m: [33mTicket scheduler is not running[39m
2025-09-01 22:31:52:3152 [32minfo[39m: [32mSIGINT received, shutting down gracefully[39m
2025-09-01 22:31:52:3152 [33mwarn[39m: [33mTicket scheduler is not running[39m
2025-09-01 22:31:53:3153 [32minfo[39m: [32mSIGINT received, shutting down gracefully[39m
2025-09-01 22:31:53:3153 [33mwarn[39m: [33mTicket scheduler is not running[39m
2025-09-01 22:31:55:3155 [32minfo[39m: [32mSIGINT received, shutting down gracefully[39m
2025-09-01 22:31:55:3155 [33mwarn[39m: [33mTicket scheduler is not running[39m
2025-09-01 22:31:55:3155 [32minfo[39m: [32mSIGINT received, shutting down gracefully[39m
2025-09-01 22:31:55:3155 [33mwarn[39m: [33mTicket scheduler is not running[39m
2025-09-01 22:31:55:3155 [32minfo[39m: [32mSIGINT received, shutting down gracefully[39m
2025-09-01 22:31:55:3155 [33mwarn[39m: [33mTicket scheduler is not running[39m
2025-09-01 22:31:55:3155 [32minfo[39m: [32mSIGINT received, shutting down gracefully[39m
2025-09-01 22:31:55:3155 [33mwarn[39m: [33mTicket scheduler is not running[39m
2025-09-01 22:31:56:3156 [32minfo[39m: [32mSIGINT received, shutting down gracefully[39m
2025-09-01 22:31:56:3156 [33mwarn[39m: [33mTicket scheduler is not running[39m
2025-09-01 22:32:04:324 [32minfo[39m: [32mSIGINT received, shutting down gracefully[39m
2025-09-01 22:32:04:324 [33mwarn[39m: [33mTicket scheduler is not running[39m
2025-09-01 22:34:09:349 [32minfo[39m: [32mDatabase connection established successfully[39m
2025-09-01 22:34:26:3426 [32minfo[39m: [32mDatabase connection established successfully[39m
2025-09-01 22:34:26:3426 [32minfo[39m: [32mTicket scheduler started successfully[39m
2025-09-01 22:34:26:3426 [32minfo[39m: [32mWebSocket service initialized[39m
2025-09-01 22:34:53:3453 [32minfo[39m: [32mDatabase connection established successfully[39m
2025-09-01 22:53:55:5355 [32minfo[39m: [32mDatabase connection established successfully[39m
2025-09-01 22:55:05:555 [32minfo[39m: [32mDatabase connection established successfully[39m
2025-09-01 22:59:09:599 [32minfo[39m: [32mDatabase connection established successfully[39m
2025-09-01 22:59:09:599 [32minfo[39m: [32mTicket scheduler started successfully[39m
2025-09-01 22:59:09:599 [32minfo[39m: [32mWebSocket service initialized[39m
2025-09-01 22:59:09:599 [32minfo[39m: [32mVTRIA ERP Server running on port 4000[39m
2025-09-01 22:59:09:599 [32minfo[39m: [32mEnvironment: development[39m
2025-09-01 22:59:09:599 [32minfo[39m: [32mCase lifecycle scheduler initialized[39m
2025-09-01 22:59:09:599 [32minfo[39m: [32mTicket support scheduler initialized[39m
2025-09-01 22:59:09:599 [32minfo[39m: [32mStock management scheduler initialized[39m
2025-09-01 22:59:09:599 [32minfo[39m: [32mWebSocket server initialized for real-time notifications[39m
2025-09-01 22:59:17:5917 [32minfo[39m: [32mSIGINT received, shutting down gracefully[39m
2025-09-01 23:00:00:00 [32minfo[39m: [32mStarting ticket aging update...[39m
2025-09-01 23:00:00:00 [31merror[39m: [31mFailed to update ticket aging: You have an error in your SQL syntax; check the manual that corresponds to your MySQL server version for the right syntax to use near 'EPOCH FROM (NOW() - created_at))/3600 > 4 THEN true[39m
[31m          WHEN priority = 'h' at line 3[39m
2025-09-01 23:02:42:242 [32minfo[39m: [32mDatabase connection established successfully[39m
2025-09-01 23:02:42:242 [32minfo[39m: [32mTicket scheduler started successfully[39m
2025-09-01 23:02:42:242 [32minfo[39m: [32mWebSocket service initialized[39m
2025-09-01 23:02:42:242 [32minfo[39m: [32mVTRIA ERP Server running on port 4000[39m
2025-09-01 23:02:42:242 [32minfo[39m: [32mEnvironment: development[39m
2025-09-01 23:02:42:242 [32minfo[39m: [32mCase lifecycle scheduler initialized[39m
2025-09-01 23:02:42:242 [32minfo[39m: [32mTicket support scheduler initialized[39m
2025-09-01 23:02:42:242 [32minfo[39m: [32mStock management scheduler initialized[39m
2025-09-01 23:02:42:242 [32minfo[39m: [32mWebSocket server initialized for real-time notifications[39m
2025-09-01 23:03:25:325 [32minfo[39m: [32mSIGINT received, shutting down gracefully[39m
2025-09-01 23:03:25:325 [32minfo[39m: [32mTicket scheduler stopped successfully[39m
2025-09-01 23:12:14:1214 [32minfo[39m: [32mDatabase connection established successfully[39m
2025-09-01 23:12:14:1214 [32minfo[39m: [32mTicket scheduler started successfully[39m
2025-09-01 23:12:14:1214 [32minfo[39m: [32mWebSocket service initialized[39m
2025-09-01 23:13:59:1359 [31merror[39m: [31mLogin error: Unknown column 'User.phone' in 'field list'[39m
2025-09-01 23:18:48:1848 [31merror[39m: [31mLogin error: Unknown column 'User.phone' in 'field list'[39m
