[dotenv@17.2.2] injecting env (45) from .env -- tip: ⚙️  load multiple .env files with { path: ['.env.local', '.env'] }
ERROR: Failed to initialize email transporter:
[dotenv@17.2.2] injecting env (0) from .env -- tip: ⚙️  suppress all logs with { quiet: true }
Rate limiting disabled due to missing dependencies
Redis disabled - using in-memory cache fallback

============================================================
🚀 VTRIA ERP API Server Started Successfully
============================================================
📡 Server running on: http://localhost:3000
🏥 Health check: http://localhost:3000/health
📚 API Documentation: http://localhost:3000/api-docs
🗄️  Database: vtria_erp@localhost
🌍 Environment: production
============================================================

INFO: SLA Scheduler and Notification Service disabled for testing
Database connected as id 206
Database connection successful
INFO: DELETE /api/case-management/VESPL%2FC%2F2526%2F004/stage
Error deleting stage: Error: Invalid stage: undefined
    at exports.deleteStageData (/Users/srbhandary/Documents/Projects/vtria-erp/api/src/controllers/caseManagement.controller.js:3306:23)
    at process.processTicksAndRejections (node:internal/process/task_queues:105:5)
INFO: GET /health
INFO: GET /
INFO: GET /favicon.ico
ERROR: Audit logging failed:
ERROR: Error on GET /favicon.ico:
INFO: GET /
INFO: GET /dashboard
ERROR: Audit logging failed:
ERROR: Error on GET /dashboard:
INFO: GET /apple-touch-icon-precomposed.png
ERROR: Audit logging failed:
ERROR: Error on GET /apple-touch-icon-precomposed.png:
INFO: GET /apple-touch-icon.png
ERROR: Audit logging failed:
ERROR: Error on GET /apple-touch-icon.png:
INFO: GET /favicon.ico
ERROR: Audit logging failed:
ERROR: Error on GET /favicon.ico:
